<?xml version="1.0" encoding="UTF-8"?>
<testng-results ignored="0" total="1" passed="1" failed="0" skipped="0">
  <reporter-output>
  </reporter-output>
  <suite started-at="2019-01-02T10:55:13Z" name="Suite" finished-at="2019-01-02T10:56:31Z" duration-ms="78246">
    <groups>
      <group name="cucumber">
        <method signature="AbstractTestNGCucumberTests.feature(cucumber.api.testng.CucumberFeatureWrapper)[pri:0, instance:testRunners.TestRunner@1329eff]" name="feature" class="cucumber.api.testng.AbstractTestNGCucumberTests"/>
      </group> <!-- cucumber -->
    </groups>
    <test started-at="2019-01-02T10:55:13Z" name="HomePage" finished-at="2019-01-02T10:56:31Z" duration-ms="78246">
      <class name="testRunners.TestRunner">
        <test-method is-config="true" signature="setUpClass()[pri:0, instance:testRunners.TestRunner@1329eff]" started-at="2019-01-02T10:55:13Z" name="setUpClass" finished-at="2019-01-02T10:55:14Z" duration-ms="623" status="PASS">
          <reporter-output>
          </reporter-output>
        </test-method> <!-- setUpClass -->
        <test-method signature="feature(cucumber.api.testng.CucumberFeatureWrapper)[pri:0, instance:testRunners.TestRunner@1329eff]" started-at="2019-01-02T10:55:14Z" name="feature" description="Runs Cucumber Feature" data-provider="features" finished-at="2019-01-02T10:56:30Z" duration-ms="76667" status="PASS">
          <params>
            <param index="0">
              <value>
                <![CDATA[Application Login]]>
              </value>
            </param>
          </params>
          <reporter-output>
          </reporter-output>
        </test-method> <!-- feature -->
        <test-method is-config="true" signature="tearDownClass()[pri:0, instance:testRunners.TestRunner@1329eff]" started-at="2019-01-02T10:56:31Z" name="tearDownClass" finished-at="2019-01-02T10:56:31Z" duration-ms="13" status="PASS">
          <reporter-output>
          </reporter-output>
        </test-method> <!-- tearDownClass -->
      </class> <!-- testRunners.TestRunner -->
    </test> <!-- HomePage -->
  </suite> <!-- Suite -->
</testng-results>
